<?xml version="1.0" encoding="UTF-8"?>
<!-- Generated by org.testng.reporters.JUnitXMLReporter -->
<testsuite hostname="Saravanan-PC" ignored="0" name="Test" tests="9" failures="3" timestamp="23 Sep 2018 22:40:26 GMT" time="166.316" errors="0">
  <testcase name="navigationWordExistence" time="6.478" classname="com.petrolink.testcase.TestScenarios"/>
  <testcase name="navigationWordExistence" time="4.677" classname="com.petrolink.testcase.TestScenarios"/>
  <testcase name="navigationWordExistence" time="5.236" classname="com.petrolink.testcase.TestScenarios"/>
  <testcase name="navigationWordNonExistence" time="5.834" classname="com.petrolink.testcase.TestScenarios">
    <failure type="java.lang.AssertionError" message="expected [true] but found [false]">
      <![CDATA[java.lang.AssertionError: expected [true] but found [false]
at com.petrolink.testcase.TestScenarios.navigationWordNonExistence(TestScenarios.java:66)
... Removed 29 stack frames]]>
    </failure>
  </testcase> <!-- navigationWordNonExistence -->
  <testcase name="navigationWordNonExistence" time="3.555" classname="com.petrolink.testcase.TestScenarios">
    <failure type="java.lang.AssertionError" message="expected [true] but found [false]">
      <![CDATA[java.lang.AssertionError: expected [true] but found [false]
at com.petrolink.testcase.TestScenarios.navigationWordNonExistence(TestScenarios.java:66)
... Removed 29 stack frames]]>
    </failure>
  </testcase> <!-- navigationWordNonExistence -->
  <testcase name="navigationWordNonExistence" time="5.783" classname="com.petrolink.testcase.TestScenarios">
    <failure type="java.lang.AssertionError" message="expected [true] but found [false]">
      <![CDATA[java.lang.AssertionError: expected [true] but found [false]
at com.petrolink.testcase.TestScenarios.navigationWordNonExistence(TestScenarios.java:66)
... Removed 29 stack frames]]>
    </failure>
  </testcase> <!-- navigationWordNonExistence -->
  <testcase name="searchWebsiteNavigate" time="7.01" classname="com.petrolink.testcase.TestScenarios"/>
  <testcase name="textSearchWebsite" time="3.157" classname="com.petrolink.testcase.TestScenarios"/>
  <testcase name="changeLanguage" time="7.428" classname="com.petrolink.testcase.TestScenarios"/>
</testsuite> <!-- Test -->
